\BOOKMARK [1][-]{section*.1}{Odvodi}{}% 1
\BOOKMARK [2][-]{section*.2}{Pravila za odvajanje}{section*.1}% 2
\BOOKMARK [1][-]{section*.3}{Integracijske metode}{}% 3
\BOOKMARK [2][-]{section*.4}{Uvedba nove spremenljivke}{section*.3}% 4
\BOOKMARK [3][-]{section*.5}{Perpartes}{section*.4}% 5
\BOOKMARK [3][-]{section*.6}{Integral racionalne funkcije}{section*.4}% 6
\BOOKMARK [3][-]{section*.7}{Integrali trigonometricnih funkcij}{section*.4}% 7
\BOOKMARK [3][-]{section*.8}{Integral iracionalne funkcije}{section*.4}% 8
\BOOKMARK [1][-]{section*.9}{Uporaba integrala}{}% 9
\BOOKMARK [1][-]{section*.10}{Parametricno podane krivulje}{}% 10
\BOOKMARK [2][-]{section*.11}{Krivulje v polarnih koordinatah}{section*.10}% 11
\BOOKMARK [3][-]{section*.12}{Tangenta parametricne krivulije}{section*.11}% 12
\BOOKMARK [3][-]{section*.13}{Dolo\236ina parametricno podane krivulije}{section*.11}% 13
\BOOKMARK [3][-]{section*.14}{Dolo\236ina krivulije v polarnih koordinatah}{section*.11}% 14
\BOOKMARK [3][-]{section*.15}{Naravna parametrizacija}{section*.11}% 15
\BOOKMARK [3][-]{section*.16}{Frenetove formule}{section*.11}% 16
\BOOKMARK [3][-]{section*.17}{Frenetova baza in ukrivljenost v poljubni parametrizaciji}{section*.11}% 17
\BOOKMARK [1][-]{section*.18}{Metricni prostor}{}% 18
\BOOKMARK [2][-]{section*.19}{Odprte in zaprte mno\236ice}{section*.18}% 19
\BOOKMARK [3][-]{section*.20}{Rob mno\236ice}{section*.19}% 20
\BOOKMARK [3][-]{section*.21}{Zaporedja}{section*.19}% 21
\BOOKMARK [3][-]{section*.22}{Kompaktnost}{section*.19}% 22
\BOOKMARK [3][-]{section*.23}{Zveznost preslikave}{section*.19}% 23
\BOOKMARK [3][-]{section*.24}{Enakomerna zveznost preslikave}{section*.19}% 24
\BOOKMARK [3][-]{section*.25}{Skrcitve}{section*.19}% 25
\BOOKMARK [3][-]{section*.26}{Banachovo nacelo}{section*.19}% 26
